CRITICAL - 2022-04-21 00:52:43 --> Invalid file: partials/title-meta.php
#0 C:\xampp\htdocs\pojokumkm\system\View\View.php(198): CodeIgniter\Exceptions\FrameworkException::forInvalidFile('partials/title-...')
#1 C:\xampp\htdocs\pojokumkm\system\Common.php(1089): CodeIgniter\View\View->render('partials/title-...', Array, true)
#2 C:\xampp\htdocs\pojokumkm\app\Controllers\Home.php(9): view('partials/title-...', Array)
#3 C:\xampp\htdocs\pojokumkm\system\CodeIgniter.php(825): App\Controllers\Home->index()
#4 C:\xampp\htdocs\pojokumkm\system\CodeIgniter.php(412): CodeIgniter\CodeIgniter->runController(Object(App\Controllers\Home))
#5 C:\xampp\htdocs\pojokumkm\system\CodeIgniter.php(320): CodeIgniter\CodeIgniter->handleRequest(NULL, Object(Config\Cache), false)
#6 C:\xampp\htdocs\pojokumkm\public\index.php(37): CodeIgniter\CodeIgniter->run()
#7 C:\xampp\htdocs\pojokumkm\system\Commands\Server\rewrite.php(43): require_once('C:\\xampp\\htdocs...')
#8 {main}
CRITICAL - 2022-04-21 00:54:57 --> Invalid file: partials/title-meta.php
#0 C:\xampp\htdocs\pojokumkm\system\View\View.php(198): CodeIgniter\Exceptions\FrameworkException::forInvalidFile('partials/title-...')
#1 C:\xampp\htdocs\pojokumkm\system\Common.php(1089): CodeIgniter\View\View->render('partials/title-...', Array, true)
#2 C:\xampp\htdocs\pojokumkm\app\Controllers\Home.php(9): view('partials/title-...', Array)
#3 C:\xampp\htdocs\pojokumkm\system\CodeIgniter.php(825): App\Controllers\Home->index()
#4 C:\xampp\htdocs\pojokumkm\system\CodeIgniter.php(412): CodeIgniter\CodeIgniter->runController(Object(App\Controllers\Home))
#5 C:\xampp\htdocs\pojokumkm\system\CodeIgniter.php(320): CodeIgniter\CodeIgniter->handleRequest(NULL, Object(Config\Cache), false)
#6 C:\xampp\htdocs\pojokumkm\public\index.php(37): CodeIgniter\CodeIgniter->run()
#7 C:\xampp\htdocs\pojokumkm\system\Commands\Server\rewrite.php(43): require_once('C:\\xampp\\htdocs...')
#8 {main}
CRITICAL - 2022-04-21 00:54:58 --> Invalid file: partials/title-meta.php
#0 C:\xampp\htdocs\pojokumkm\system\View\View.php(198): CodeIgniter\Exceptions\FrameworkException::forInvalidFile('partials/title-...')
#1 C:\xampp\htdocs\pojokumkm\system\Common.php(1089): CodeIgniter\View\View->render('partials/title-...', Array, true)
#2 C:\xampp\htdocs\pojokumkm\app\Controllers\Home.php(9): view('partials/title-...', Array)
#3 C:\xampp\htdocs\pojokumkm\system\CodeIgniter.php(825): App\Controllers\Home->index()
#4 C:\xampp\htdocs\pojokumkm\system\CodeIgniter.php(412): CodeIgniter\CodeIgniter->runController(Object(App\Controllers\Home))
#5 C:\xampp\htdocs\pojokumkm\system\CodeIgniter.php(320): CodeIgniter\CodeIgniter->handleRequest(NULL, Object(Config\Cache), false)
#6 C:\xampp\htdocs\pojokumkm\public\index.php(37): CodeIgniter\CodeIgniter->run()
#7 C:\xampp\htdocs\pojokumkm\system\Commands\Server\rewrite.php(43): require_once('C:\\xampp\\htdocs...')
#8 {main}
CRITICAL - 2022-04-21 00:56:04 --> Invalid file: partials/title-meta.php
#0 C:\xampp\htdocs\pojokumkm\system\View\View.php(198): CodeIgniter\Exceptions\FrameworkException::forInvalidFile('partials/title-...')
#1 C:\xampp\htdocs\pojokumkm\system\Common.php(1089): CodeIgniter\View\View->render('partials/title-...', Array, true)
#2 C:\xampp\htdocs\pojokumkm\app\Controllers\Home.php(9): view('partials/title-...', Array)
#3 C:\xampp\htdocs\pojokumkm\system\CodeIgniter.php(825): App\Controllers\Home->index()
#4 C:\xampp\htdocs\pojokumkm\system\CodeIgniter.php(412): CodeIgniter\CodeIgniter->runController(Object(App\Controllers\Home))
#5 C:\xampp\htdocs\pojokumkm\system\CodeIgniter.php(320): CodeIgniter\CodeIgniter->handleRequest(NULL, Object(Config\Cache), false)
#6 C:\xampp\htdocs\pojokumkm\public\index.php(37): CodeIgniter\CodeIgniter->run()
#7 C:\xampp\htdocs\pojokumkm\system\Commands\Server\rewrite.php(43): require_once('C:\\xampp\\htdocs...')
#8 {main}
CRITICAL - 2022-04-21 01:44:09 --> Invalid file: homce.php
#0 C:\xampp\htdocs\pojokumkm\system\View\View.php(198): CodeIgniter\Exceptions\FrameworkException::forInvalidFile('homce.php')
#1 C:\xampp\htdocs\pojokumkm\system\Common.php(1089): CodeIgniter\View\View->render('homce', Array, true)
#2 C:\xampp\htdocs\pojokumkm\app\Controllers\Home.php(15): view('homce', Array)
#3 C:\xampp\htdocs\pojokumkm\system\CodeIgniter.php(825): App\Controllers\Home->index()
#4 C:\xampp\htdocs\pojokumkm\system\CodeIgniter.php(412): CodeIgniter\CodeIgniter->runController(Object(App\Controllers\Home))
#5 C:\xampp\htdocs\pojokumkm\system\CodeIgniter.php(320): CodeIgniter\CodeIgniter->handleRequest(NULL, Object(Config\Cache), false)
#6 C:\xampp\htdocs\pojokumkm\public\index.php(37): CodeIgniter\CodeIgniter->run()
#7 C:\xampp\htdocs\pojokumkm\system\Commands\Server\rewrite.php(43): require_once('C:\\xampp\\htdocs...')
#8 {main}
CRITICAL - 2022-04-21 01:46:03 --> Invalid file: homce.php
#0 C:\xampp\htdocs\pojokumkm\system\View\View.php(198): CodeIgniter\Exceptions\FrameworkException::forInvalidFile('homce.php')
#1 C:\xampp\htdocs\pojokumkm\system\Common.php(1089): CodeIgniter\View\View->render('homce', Array, true)
#2 C:\xampp\htdocs\pojokumkm\app\Controllers\Home.php(15): view('homce', Array)
#3 C:\xampp\htdocs\pojokumkm\system\CodeIgniter.php(825): App\Controllers\Home->index()
#4 C:\xampp\htdocs\pojokumkm\system\CodeIgniter.php(412): CodeIgniter\CodeIgniter->runController(Object(App\Controllers\Home))
#5 C:\xampp\htdocs\pojokumkm\system\CodeIgniter.php(320): CodeIgniter\CodeIgniter->handleRequest(NULL, Object(Config\Cache), false)
#6 C:\xampp\htdocs\pojokumkm\public\index.php(37): CodeIgniter\CodeIgniter->run()
#7 C:\xampp\htdocs\pojokumkm\system\Commands\Server\rewrite.php(43): require_once('C:\\xampp\\htdocs...')
#8 {main}
CRITICAL - 2022-04-21 01:46:13 --> Invalid file: homce.php
#0 C:\xampp\htdocs\pojokumkm\system\View\View.php(198): CodeIgniter\Exceptions\FrameworkException::forInvalidFile('homce.php')
#1 C:\xampp\htdocs\pojokumkm\system\Common.php(1089): CodeIgniter\View\View->render('homce', Array, true)
#2 C:\xampp\htdocs\pojokumkm\app\Controllers\Home.php(15): view('homce', Array)
#3 C:\xampp\htdocs\pojokumkm\system\CodeIgniter.php(825): App\Controllers\Home->index()
#4 C:\xampp\htdocs\pojokumkm\system\CodeIgniter.php(412): CodeIgniter\CodeIgniter->runController(Object(App\Controllers\Home))
#5 C:\xampp\htdocs\pojokumkm\system\CodeIgniter.php(320): CodeIgniter\CodeIgniter->handleRequest(NULL, Object(Config\Cache), false)
#6 C:\xampp\htdocs\pojokumkm\public\index.php(37): CodeIgniter\CodeIgniter->run()
#7 C:\xampp\htdocs\pojokumkm\system\Commands\Server\rewrite.php(43): require_once('C:\\xampp\\htdocs...')
#8 {main}
CRITICAL - 2022-04-21 01:47:38 --> Invalid file: homce.php
#0 C:\xampp\htdocs\pojokumkm\system\View\View.php(198): CodeIgniter\Exceptions\FrameworkException::forInvalidFile('homce.php')
#1 C:\xampp\htdocs\pojokumkm\system\Common.php(1089): CodeIgniter\View\View->render('homce', Array, true)
#2 C:\xampp\htdocs\pojokumkm\app\Controllers\Home.php(15): view('homce', Array)
#3 C:\xampp\htdocs\pojokumkm\system\CodeIgniter.php(825): App\Controllers\Home->index()
#4 C:\xampp\htdocs\pojokumkm\system\CodeIgniter.php(412): CodeIgniter\CodeIgniter->runController(Object(App\Controllers\Home))
#5 C:\xampp\htdocs\pojokumkm\system\CodeIgniter.php(320): CodeIgniter\CodeIgniter->handleRequest(NULL, Object(Config\Cache), false)
#6 C:\xampp\htdocs\pojokumkm\public\index.php(37): CodeIgniter\CodeIgniter->run()
#7 C:\xampp\htdocs\pojokumkm\system\Commands\Server\rewrite.php(43): require_once('C:\\xampp\\htdocs...')
#8 {main}
CRITICAL - 2022-04-21 01:49:06 --> Invalid file: homce.php
#0 C:\xampp\htdocs\pojokumkm\system\View\View.php(198): CodeIgniter\Exceptions\FrameworkException::forInvalidFile('homce.php')
#1 C:\xampp\htdocs\pojokumkm\system\Common.php(1089): CodeIgniter\View\View->render('homce', Array, true)
#2 C:\xampp\htdocs\pojokumkm\app\Controllers\Home.php(15): view('homce', Array)
#3 C:\xampp\htdocs\pojokumkm\system\CodeIgniter.php(825): App\Controllers\Home->index()
#4 C:\xampp\htdocs\pojokumkm\system\CodeIgniter.php(412): CodeIgniter\CodeIgniter->runController(Object(App\Controllers\Home))
#5 C:\xampp\htdocs\pojokumkm\system\CodeIgniter.php(320): CodeIgniter\CodeIgniter->handleRequest(NULL, Object(Config\Cache), false)
#6 C:\xampp\htdocs\pojokumkm\public\index.php(37): CodeIgniter\CodeIgniter->run()
#7 C:\xampp\htdocs\pojokumkm\system\Commands\Server\rewrite.php(43): require_once('C:\\xampp\\htdocs...')
#8 {main}
CRITICAL - 2022-04-21 01:57:47 --> Invalid file: partials/title-meta.php
#0 C:\xampp\htdocs\pojokumkm\system\View\View.php(198): CodeIgniter\Exceptions\FrameworkException::forInvalidFile('partials/title-...')
#1 C:\xampp\htdocs\pojokumkm\system\Common.php(1089): CodeIgniter\View\View->render('partials/title-...', Array, true)
#2 C:\xampp\htdocs\pojokumkm\app\Controllers\Register.php(10): view('partials/title-...', Array)
#3 C:\xampp\htdocs\pojokumkm\system\CodeIgniter.php(825): App\Controllers\register->index()
#4 C:\xampp\htdocs\pojokumkm\system\CodeIgniter.php(412): CodeIgniter\CodeIgniter->runController(Object(App\Controllers\register))
#5 C:\xampp\htdocs\pojokumkm\system\CodeIgniter.php(320): CodeIgniter\CodeIgniter->handleRequest(NULL, Object(Config\Cache), false)
#6 C:\xampp\htdocs\pojokumkm\public\index.php(37): CodeIgniter\CodeIgniter->run()
#7 C:\xampp\htdocs\pojokumkm\system\Commands\Server\rewrite.php(43): require_once('C:\\xampp\\htdocs...')
#8 {main}
CRITICAL - 2022-04-21 01:58:06 --> Invalid file: registrasi.php
#0 C:\xampp\htdocs\pojokumkm\system\View\View.php(198): CodeIgniter\Exceptions\FrameworkException::forInvalidFile('registrasi.php')
#1 C:\xampp\htdocs\pojokumkm\system\Common.php(1089): CodeIgniter\View\View->render('registrasi', Array, true)
#2 C:\xampp\htdocs\pojokumkm\app\Controllers\Register.php(12): view('registrasi', Array)
#3 C:\xampp\htdocs\pojokumkm\system\CodeIgniter.php(825): App\Controllers\register->index()
#4 C:\xampp\htdocs\pojokumkm\system\CodeIgniter.php(412): CodeIgniter\CodeIgniter->runController(Object(App\Controllers\register))
#5 C:\xampp\htdocs\pojokumkm\system\CodeIgniter.php(320): CodeIgniter\CodeIgniter->handleRequest(NULL, Object(Config\Cache), false)
#6 C:\xampp\htdocs\pojokumkm\public\index.php(37): CodeIgniter\CodeIgniter->run()
#7 C:\xampp\htdocs\pojokumkm\system\Commands\Server\rewrite.php(43): require_once('C:\\xampp\\htdocs...')
#8 {main}
CRITICAL - 2022-04-21 02:00:09 --> Invalid file: partials/title-meta.php
#0 C:\xampp\htdocs\pojokumkm\system\View\View.php(198): CodeIgniter\Exceptions\FrameworkException::forInvalidFile('partials/title-...')
#1 C:\xampp\htdocs\pojokumkm\system\Common.php(1089): CodeIgniter\View\View->render('partials/title-...', Array, true)
#2 C:\xampp\htdocs\pojokumkm\app\Controllers\Auth.php(14): view('partials/title-...', Array)
#3 C:\xampp\htdocs\pojokumkm\system\CodeIgniter.php(825): App\Controllers\auth->login()
#4 C:\xampp\htdocs\pojokumkm\system\CodeIgniter.php(412): CodeIgniter\CodeIgniter->runController(Object(App\Controllers\auth))
#5 C:\xampp\htdocs\pojokumkm\system\CodeIgniter.php(320): CodeIgniter\CodeIgniter->handleRequest(NULL, Object(Config\Cache), false)
#6 C:\xampp\htdocs\pojokumkm\public\index.php(37): CodeIgniter\CodeIgniter->run()
#7 C:\xampp\htdocs\pojokumkm\system\Commands\Server\rewrite.php(43): require_once('C:\\xampp\\htdocs...')
#8 {main}
